<?xml version="1.0" encoding="UTF-8"?>
<!-- Generated by org.testng.reporters.JUnitReportReporter -->
<testsuite skipped="0" hostname="Infva05986" name="Day1.FirstAPICall" tests="1" failures="0" timestamp="23 Sep 2019 18:59:16 GMT" time="30.355" errors="0">
  <testcase name="f" time="30.355" classname="Day1.FirstAPICall"/>
</testsuite> <!-- Day1.FirstAPICall -->
