<?xml version="1.0" encoding="UTF-8"?>
<!-- Generated by org.testng.reporters.JUnitReportReporter -->
<testsuite skipped="0" hostname="Infva05986" name="Day1.StudentAppAPICalls" tests="1" failures="0" timestamp="23 Sep 2019 22:03:21 GMT" time="1.434" errors="0">
  <testcase name="putcall" time="1.434" classname="Day1.StudentAppAPICalls"/>
</testsuite> <!-- Day1.StudentAppAPICalls -->
