<?xml version="1.0" encoding="UTF-8"?>
<!-- Generated by org.testng.reporters.JUnitReportReporter -->
<testsuite skipped="0" hostname="Infva05986" name="Day1.Auth" tests="1" failures="0" timestamp="24 Sep 2019 00:30:32 GMT" time="4.116" errors="0">
  <testcase name="f" time="4.116" classname="Day1.Auth"/>
</testsuite> <!-- Day1.Auth -->
